<?xml version="1.0" encoding="UTF-8"?>
<coverage generated="1500151018324" clover="3.2.0">
  <project timestamp="1500151018324" name="All files">
    <metrics statements="3" coveredstatements="1" conditionals="0" coveredconditionals="0" methods="2" coveredmethods="1" elements="5" coveredelements="2" complexity="0" loc="3" ncloc="3" packages="1" files="2" classes="2">
      <file name="subtract.js" path="/Users/cfoley/code/setup-jest-math/subtract.js">
        <metrics statements="2" coveredstatements="0" conditionals="0" coveredconditionals="0" methods="1" coveredmethods="0"/>
        <line num="1" count="0" type="stmt"/>
        <line num="4" count="0" type="stmt"/>
      </file>
      <file name="sum.js" path="/Users/cfoley/code/setup-jest-math/sum.js">
        <metrics statements="1" coveredstatements="1" conditionals="0" coveredconditionals="0" methods="1" coveredmethods="1"/>
        <line num="4" count="1" type="stmt"/>
      </file>
    </metrics>
  </project>
</coverage>
